sivasankari@kreatio.com
deepa@kreatio.com
chandrala@kreatio.com
eishasethi@kreatio.com
sumitha@kreatio.com
swapnil@kreatio.com
priyap@kreatio.com
alamelu@kreatio.com
shaiksameena@kreatio.com
pavank@kreatio.com
srisakthi@kreatio.com
chetanac@kreatio.com
swathi@kreatio.com
chaya@kreatio.com
chethana@kreatio.com
anita@kreatio.com
manjulak@kreatio.com
bharathi@webnish.com
priyali@kreatio.com
sarala@kreatio.com
ravali@kreatio.com
bswathi@webnish.com
nagaswapna@kreatio.com
sumanjali@kreatio.com
mounisha@kreatio.com
suhana@kreatio.com
mahadevi@webnish.com
apoorva@webnish.com
shabrin@kreatio.com
deepat@webnish.com
sultana@webnish.com
 rapoorva@webnish.com 
rachna@kreatio.com
keerthana@kreatio.com
shilpatr@kreatio.com
vijayalakshmi@kreatio.com
husnaara@webnish.com
sowmya@webnish.com
kaverimojer@kreatio.com
rabindrak@kreatio.com
rameshp@kreatio.com
praveen@kreatio.com
upalb@kreatio.com
rameshkumar@kreatio.com
girishk@kreatio.com
kannan@kreatio.com
dhanabalt@kreatio.com
kailashpatil@kreatio.com
arunkumar@kreatio.com
senthilkumar@kreatio.com
selvachezhian@kreatio.com
rahulmr@kreatio.com
vinodnaik@kreatio.com
michaelwins@kreatio.com
kavinkumar@kreatio.com
bharathr@kreatio.com
rajeevk@kreatio.com
mohankumarc@kreatio.com
ramkumar@kreatio.com
kannan1@kreatio.com
nantha@kreatio.com
nitinnayan@kreatio.com
thendralvanan@kreatio.com
srikanthkp@kreatio.com
vishnuprabhakar@kreatio.com
lalsahab@kreatio.com
vishalmbadve@kreatio.com
bala@kreatio.com
javeedb@kreatio.com
madhavanr@kreatio.com
kingston@kreatio.com
samir@kreatio.com
karthikeyan@kreatio.com
gurudath@kreatio.com
kvenkatesh@kreatio.com
vijendras@kreatio.com
gprabhu@kreatio.com
kumark@kreatio.com
manivannan@kreatio.com
vijayaprakash@kreatio.com
prakash@kreatio.com
munirajur@kreatio.com
jagadeeswar@kreatio.com
souvik@kreatio.com
anudeepd@kreatio.com
ragavendaran@kreatio.com
ajaykumar@kreatio.com
dharmender@kreatio.com
sharanabasappa@webnish.com
manjunath@kreatio.com
neetinkumar@kreatio.com
manud@kreatio.com
arif@webnish.com
anupama@kreatio.com
fazuluddin@kreatio.com
sujatha@kreatio.com
manish@webnish.com
vinayhs@kreatio.com
tamilarasu@webnish.com
kajal@webnish.com
tamileniyan@kreatio.com
umeshb@kreatio.com
saleemkhan@webnish.com
guptap@kreatio.com
rituraj@kreatio.com
mallikarjunar@webnish.com
gopinadha@webnish.com
virendra@kreatio.com
premnathvm@kreatio.com
vineet@webnish.com
rakeshkumar@kreatio.com
vijayakumar@kreatio.com
vikram@webnish.com
hemakumar@kreatio.com
manjunath@webnish.com
giri@kreatio.com
raghavendrav@kreatio.com
albert@webnish.com
maheshg@webnish.com
vinay@kreatio.com
sudeep@webnish.com
rohitkumar@webnish.com
yuvaraja@kreatio.com
presithprakash@kreatio.com
nitesh@kreatio.com
abhishek@kreatio.com
abhishek@webnish.com
rajkumarp@kreatio.com
krishna@webnish.com
pankajkumar@kreatio.com
subbarao@kreatio.com
abhishekp@kreatio.com
venu2@kreatio.com
akshay@kreatio.com
vipul@webnish.com
brajesh@kreatio.com
vinoths@kreatio.com
kamal@webnish.com
abhishekkumarp@kreatio.com
pridhvi@kreatio.com
vinoth@kreatio.com
mithun@webnish.com
sharathramesh@kreatio.com
sujitpranav@kreatio.com
mathiyalagan@kreatio.com
kshitiz@kreatio.com
pnravindra@kreatio.com
jagannatha@webnish.com
venu@kreatio.com
antony@kreatio.com
sujitkumar@kreatio.com
bhubneshwar@kreatio.com
subrat@webnish.com
prashant@webnish.com
khaleel@webnish.com
ravishankar@kreatio.com
dharmendrak@webnish.com
praveenkumar@webnish.com
masthanm@webnish.com
piyushraj@kreatio.com
santhosh@webnish.com
chokkappan@kreatio.com
jeevanp@kreatio.com
siddhartha@kreatio.com
hamidtaj@webnish.com
sathishp@kreatio.com
merlinjeya@kreatio.com
manvendra@kreatio.com
srikanthvasuraj@webnish.com
dibyajyoti@kreatio.com
kumaresan@kreatio.com
basavana@webnish.com
cmanjunath@webnish.com
manojpatil@webnish.com
gsalinan@webnish.com
nediumpavan@kreatio.com
sathish@webnish.com
manojkrishna@kreatio.com
samykkannu@kreatio.com
anjaneyulu@kreatio.com
joshuadaniel@webnish.com
jkannan@webnish.com
tamilarasanc@kreatio.com
mkannan@webnish.com
prasanna@webnish.com
naresh@webnish.com
vishwanath@webnish.com
harshavardhan@webnish.com
loganathan@kreatio.com
jayasheelan@kreatio.com
srinivas@webnish.com
lokeshwaran@kreatio.com
jeganr@kreatio.com
mohanaruban@webnish.com
nikhil@webnish.com
roshannaik@webnish.com
amohammed@webnish.com
vyshakh@webnish.com
dinesh@webnish.com
vishal@webnish.com
kumararun@kreatio.com
bsathish@kreatio.com
muralidaran@webnish.com
harishnaidu@kreatio.com
sujithraj@webnish.com
arunprasath@webnish.com
jayachandra@webnish.com
arunprakash@webnish.com
sudheer@webnish.com
vasudeva@webnish.com
vaidheeswaran@kreatio.com
ragavendaran@webnish.com
koshikas@webnish.com
karthikeyan@webnish.com
atulchandra@kreatio.com
adarshkumar@kreatio.com
ravikumar@kreatio.com
